<?xml version="1.0" encoding="UTF-8"?>
<testsuite name="planemo-shed_diff"
           tests="2"
           errors="0"
           failures="1"
           skip="0">
    <testcase classname="cat1" name="shed-diff" time="">
        <error type="planemo.Different" message="Repository is different">
        Only in _workingdir_: related_file

        </error>
        <system-out />
        <system-err />
    </testcase>
    <testcase classname="cat2" name="shed-diff" time="">
        <system-out />
        <system-err />
    </testcase>
</testsuite>
